2025-05-10 12:57:47,259 INFO    MainThread:4194081 [wandb_setup.py:_flush():67] Current SDK version is 0.19.7
2025-05-10 12:57:47,259 INFO    MainThread:4194081 [wandb_setup.py:_flush():67] Configure stats pid to 4194081
2025-05-10 12:57:47,259 INFO    MainThread:4194081 [wandb_setup.py:_flush():67] Loading settings from /home/cvpr_phd_1/.config/wandb/settings
2025-05-10 12:57:47,259 INFO    MainThread:4194081 [wandb_setup.py:_flush():67] Loading settings from /home/cvpr_phd_1/2_Emotion_multi_model_CLIP-main/Emotion_multi_model_CLIP-main/wandb/settings
2025-05-10 12:57:47,259 INFO    MainThread:4194081 [wandb_setup.py:_flush():67] Loading settings from environment variables
2025-05-10 12:57:47,260 INFO    MainThread:4194081 [wandb_init.py:setup_run_log_directory():647] Logging user logs to /home/cvpr_phd_1/2_Emotion_multi_model_CLIP-main/Emotion_multi_model_CLIP-main/wandb/run-20250510_125747-ik2cdfzo/logs/debug.log
2025-05-10 12:57:47,260 INFO    MainThread:4194081 [wandb_init.py:setup_run_log_directory():648] Logging internal logs to /home/cvpr_phd_1/2_Emotion_multi_model_CLIP-main/Emotion_multi_model_CLIP-main/wandb/run-20250510_125747-ik2cdfzo/logs/debug-internal.log
2025-05-10 12:57:47,260 INFO    MainThread:4194081 [wandb_init.py:init():761] calling init triggers
2025-05-10 12:57:47,260 INFO    MainThread:4194081 [wandb_init.py:init():766] wandb.init called with sweep_config: {}
config: {'_wandb': {}}
2025-05-10 12:57:47,260 INFO    MainThread:4194081 [wandb_init.py:init():784] starting backend
2025-05-10 12:57:47,260 INFO    MainThread:4194081 [wandb_init.py:init():788] sending inform_init request
2025-05-10 12:57:47,297 INFO    MainThread:4194081 [backend.py:_multiprocessing_setup():97] multiprocessing start_methods=fork,spawn,forkserver, using: spawn
2025-05-10 12:57:47,298 INFO    MainThread:4194081 [wandb_init.py:init():803] backend started and connected
2025-05-10 12:57:47,302 INFO    MainThread:4194081 [wandb_init.py:init():896] updated telemetry
2025-05-10 12:57:47,303 INFO    MainThread:4194081 [wandb_init.py:init():920] communicating run to backend with 90.0 second timeout
2025-05-10 12:58:18,336 INFO    Thread-6  :4194081 [retry.py:__call__():175] Retry attempt failed:
Traceback (most recent call last):
  File "/home/cvpr_phd_1/.conda/envs/action_clip/lib/python3.8/site-packages/urllib3/connection.py", line 200, in _new_conn
    sock = connection.create_connection(
  File "/home/cvpr_phd_1/.conda/envs/action_clip/lib/python3.8/site-packages/urllib3/util/connection.py", line 60, in create_connection
    for res in socket.getaddrinfo(host, port, family, socket.SOCK_STREAM):
  File "/home/cvpr_phd_1/.conda/envs/action_clip/lib/python3.8/socket.py", line 930, in getaddrinfo
    for res in _socket.getaddrinfo(host, port, family, type, proto, flags):
socket.gaierror: [Errno -2] Name or service not known

The above exception was the direct cause of the following exception:

Traceback (most recent call last):
  File "/home/cvpr_phd_1/.conda/envs/action_clip/lib/python3.8/site-packages/urllib3/connectionpool.py", line 790, in urlopen
    response = self._make_request(
  File "/home/cvpr_phd_1/.conda/envs/action_clip/lib/python3.8/site-packages/urllib3/connectionpool.py", line 491, in _make_request
    raise new_e
  File "/home/cvpr_phd_1/.conda/envs/action_clip/lib/python3.8/site-packages/urllib3/connectionpool.py", line 467, in _make_request
    self._validate_conn(conn)
  File "/home/cvpr_phd_1/.conda/envs/action_clip/lib/python3.8/site-packages/urllib3/connectionpool.py", line 1092, in _validate_conn
    conn.connect()
  File "/home/cvpr_phd_1/.conda/envs/action_clip/lib/python3.8/site-packages/urllib3/connection.py", line 604, in connect
    self.sock = sock = self._new_conn()
  File "/home/cvpr_phd_1/.conda/envs/action_clip/lib/python3.8/site-packages/urllib3/connection.py", line 207, in _new_conn
    raise NameResolutionError(self.host, self, e) from e
urllib3.exceptions.NameResolutionError: <urllib3.connection.HTTPSConnection object at 0x7fb22b7ca160>: Failed to resolve 'api.wandb.ai' ([Errno -2] Name or service not known)

The above exception was the direct cause of the following exception:

Traceback (most recent call last):
  File "/home/cvpr_phd_1/.conda/envs/action_clip/lib/python3.8/site-packages/requests/adapters.py", line 486, in send
    resp = conn.urlopen(
  File "/home/cvpr_phd_1/.conda/envs/action_clip/lib/python3.8/site-packages/urllib3/connectionpool.py", line 844, in urlopen
    retries = retries.increment(
  File "/home/cvpr_phd_1/.conda/envs/action_clip/lib/python3.8/site-packages/urllib3/util/retry.py", line 515, in increment
    raise MaxRetryError(_pool, url, reason) from reason  # type: ignore[arg-type]
urllib3.exceptions.MaxRetryError: HTTPSConnectionPool(host='api.wandb.ai', port=443): Max retries exceeded with url: /graphql (Caused by NameResolutionError("<urllib3.connection.HTTPSConnection object at 0x7fb22b7ca160>: Failed to resolve 'api.wandb.ai' ([Errno -2] Name or service not known)"))

During handling of the above exception, another exception occurred:

Traceback (most recent call last):
  File "/home/cvpr_phd_1/.conda/envs/action_clip/lib/python3.8/site-packages/wandb/sdk/lib/retry.py", line 134, in __call__
    result = self._call_fn(*args, **kwargs)
  File "/home/cvpr_phd_1/.conda/envs/action_clip/lib/python3.8/site-packages/wandb/sdk/internal/internal_api.py", line 398, in execute
    return self.client.execute(*args, **kwargs)  # type: ignore
  File "/home/cvpr_phd_1/.conda/envs/action_clip/lib/python3.8/site-packages/wandb/vendor/gql-0.2.0/wandb_gql/client.py", line 52, in execute
    result = self._get_result(document, *args, **kwargs)
  File "/home/cvpr_phd_1/.conda/envs/action_clip/lib/python3.8/site-packages/wandb/vendor/gql-0.2.0/wandb_gql/client.py", line 60, in _get_result
    return self.transport.execute(document, *args, **kwargs)
  File "/home/cvpr_phd_1/.conda/envs/action_clip/lib/python3.8/site-packages/wandb/sdk/lib/gql_request.py", line 58, in execute
    request = self.session.post(self.url, **post_args)
  File "/home/cvpr_phd_1/.conda/envs/action_clip/lib/python3.8/site-packages/requests/sessions.py", line 637, in post
    return self.request("POST", url, data=data, json=json, **kwargs)
  File "/home/cvpr_phd_1/.conda/envs/action_clip/lib/python3.8/site-packages/requests/sessions.py", line 589, in request
    resp = self.send(prep, **send_kwargs)
  File "/home/cvpr_phd_1/.conda/envs/action_clip/lib/python3.8/site-packages/requests/sessions.py", line 703, in send
    r = adapter.send(request, **kwargs)
  File "/home/cvpr_phd_1/.conda/envs/action_clip/lib/python3.8/site-packages/requests/adapters.py", line 519, in send
    raise ConnectionError(e, request=request)
requests.exceptions.ConnectionError: HTTPSConnectionPool(host='api.wandb.ai', port=443): Max retries exceeded with url: /graphql (Caused by NameResolutionError("<urllib3.connection.HTTPSConnection object at 0x7fb22b7ca160>: Failed to resolve 'api.wandb.ai' ([Errno -2] Name or service not known)"))
2025-05-10 12:58:18,419 INFO    Thread-7  :4194081 [retry.py:__call__():175] Retry attempt failed:
Traceback (most recent call last):
  File "/home/cvpr_phd_1/.conda/envs/action_clip/lib/python3.8/site-packages/urllib3/connection.py", line 200, in _new_conn
    sock = connection.create_connection(
  File "/home/cvpr_phd_1/.conda/envs/action_clip/lib/python3.8/site-packages/urllib3/util/connection.py", line 60, in create_connection
    for res in socket.getaddrinfo(host, port, family, socket.SOCK_STREAM):
  File "/home/cvpr_phd_1/.conda/envs/action_clip/lib/python3.8/socket.py", line 930, in getaddrinfo
    for res in _socket.getaddrinfo(host, port, family, type, proto, flags):
socket.gaierror: [Errno -2] Name or service not known

The above exception was the direct cause of the following exception:

Traceback (most recent call last):
  File "/home/cvpr_phd_1/.conda/envs/action_clip/lib/python3.8/site-packages/urllib3/connectionpool.py", line 790, in urlopen
    response = self._make_request(
  File "/home/cvpr_phd_1/.conda/envs/action_clip/lib/python3.8/site-packages/urllib3/connectionpool.py", line 491, in _make_request
    raise new_e
  File "/home/cvpr_phd_1/.conda/envs/action_clip/lib/python3.8/site-packages/urllib3/connectionpool.py", line 467, in _make_request
    self._validate_conn(conn)
  File "/home/cvpr_phd_1/.conda/envs/action_clip/lib/python3.8/site-packages/urllib3/connectionpool.py", line 1092, in _validate_conn
    conn.connect()
  File "/home/cvpr_phd_1/.conda/envs/action_clip/lib/python3.8/site-packages/urllib3/connection.py", line 604, in connect
    self.sock = sock = self._new_conn()
  File "/home/cvpr_phd_1/.conda/envs/action_clip/lib/python3.8/site-packages/urllib3/connection.py", line 207, in _new_conn
    raise NameResolutionError(self.host, self, e) from e
urllib3.exceptions.NameResolutionError: <urllib3.connection.HTTPSConnection object at 0x7fb22b7ca520>: Failed to resolve 'api.wandb.ai' ([Errno -2] Name or service not known)

The above exception was the direct cause of the following exception:

Traceback (most recent call last):
  File "/home/cvpr_phd_1/.conda/envs/action_clip/lib/python3.8/site-packages/requests/adapters.py", line 486, in send
    resp = conn.urlopen(
  File "/home/cvpr_phd_1/.conda/envs/action_clip/lib/python3.8/site-packages/urllib3/connectionpool.py", line 844, in urlopen
    retries = retries.increment(
  File "/home/cvpr_phd_1/.conda/envs/action_clip/lib/python3.8/site-packages/urllib3/util/retry.py", line 515, in increment
    raise MaxRetryError(_pool, url, reason) from reason  # type: ignore[arg-type]
urllib3.exceptions.MaxRetryError: HTTPSConnectionPool(host='api.wandb.ai', port=443): Max retries exceeded with url: /graphql (Caused by NameResolutionError("<urllib3.connection.HTTPSConnection object at 0x7fb22b7ca520>: Failed to resolve 'api.wandb.ai' ([Errno -2] Name or service not known)"))

During handling of the above exception, another exception occurred:

Traceback (most recent call last):
  File "/home/cvpr_phd_1/.conda/envs/action_clip/lib/python3.8/site-packages/wandb/sdk/lib/retry.py", line 134, in __call__
    result = self._call_fn(*args, **kwargs)
  File "/home/cvpr_phd_1/.conda/envs/action_clip/lib/python3.8/site-packages/wandb/sdk/internal/internal_api.py", line 398, in execute
    return self.client.execute(*args, **kwargs)  # type: ignore
  File "/home/cvpr_phd_1/.conda/envs/action_clip/lib/python3.8/site-packages/wandb/vendor/gql-0.2.0/wandb_gql/client.py", line 52, in execute
    result = self._get_result(document, *args, **kwargs)
  File "/home/cvpr_phd_1/.conda/envs/action_clip/lib/python3.8/site-packages/wandb/vendor/gql-0.2.0/wandb_gql/client.py", line 60, in _get_result
    return self.transport.execute(document, *args, **kwargs)
  File "/home/cvpr_phd_1/.conda/envs/action_clip/lib/python3.8/site-packages/wandb/sdk/lib/gql_request.py", line 58, in execute
    request = self.session.post(self.url, **post_args)
  File "/home/cvpr_phd_1/.conda/envs/action_clip/lib/python3.8/site-packages/requests/sessions.py", line 637, in post
    return self.request("POST", url, data=data, json=json, **kwargs)
  File "/home/cvpr_phd_1/.conda/envs/action_clip/lib/python3.8/site-packages/requests/sessions.py", line 589, in request
    resp = self.send(prep, **send_kwargs)
  File "/home/cvpr_phd_1/.conda/envs/action_clip/lib/python3.8/site-packages/requests/sessions.py", line 703, in send
    r = adapter.send(request, **kwargs)
  File "/home/cvpr_phd_1/.conda/envs/action_clip/lib/python3.8/site-packages/requests/adapters.py", line 519, in send
    raise ConnectionError(e, request=request)
requests.exceptions.ConnectionError: HTTPSConnectionPool(host='api.wandb.ai', port=443): Max retries exceeded with url: /graphql (Caused by NameResolutionError("<urllib3.connection.HTTPSConnection object at 0x7fb22b7ca520>: Failed to resolve 'api.wandb.ai' ([Errno -2] Name or service not known)"))
