2025-05-16 01:13:54,120 INFO    MainThread:1291651 [wandb_setup.py:_flush():67] Current SDK version is 0.19.7
2025-05-16 01:13:54,120 INFO    MainThread:1291651 [wandb_setup.py:_flush():67] Configure stats pid to 1291651
2025-05-16 01:13:54,120 INFO    MainThread:1291651 [wandb_setup.py:_flush():67] Loading settings from /home/cvpr_phd_1/.config/wandb/settings
2025-05-16 01:13:54,120 INFO    MainThread:1291651 [wandb_setup.py:_flush():67] Loading settings from /home/cvpr_phd_1/1_a_Neurip_dataset_submission/1_model_code/wandb/settings
2025-05-16 01:13:54,120 INFO    MainThread:1291651 [wandb_setup.py:_flush():67] Loading settings from environment variables
2025-05-16 01:13:54,120 INFO    MainThread:1291651 [wandb_init.py:setup_run_log_directory():647] Logging user logs to /home/cvpr_phd_1/1_a_Neurip_dataset_submission/1_model_code/wandb/run-20250516_011354-uz5vnnss/logs/debug.log
2025-05-16 01:13:54,120 INFO    MainThread:1291651 [wandb_init.py:setup_run_log_directory():648] Logging internal logs to /home/cvpr_phd_1/1_a_Neurip_dataset_submission/1_model_code/wandb/run-20250516_011354-uz5vnnss/logs/debug-internal.log
2025-05-16 01:13:54,121 INFO    MainThread:1291651 [wandb_init.py:init():761] calling init triggers
2025-05-16 01:13:54,121 INFO    MainThread:1291651 [wandb_init.py:init():766] wandb.init called with sweep_config: {}
config: {'_wandb': {}}
2025-05-16 01:13:54,121 INFO    MainThread:1291651 [wandb_init.py:init():784] starting backend
2025-05-16 01:13:54,121 INFO    MainThread:1291651 [wandb_init.py:init():788] sending inform_init request
2025-05-16 01:13:54,162 INFO    MainThread:1291651 [backend.py:_multiprocessing_setup():97] multiprocessing start_methods=fork,spawn,forkserver, using: spawn
2025-05-16 01:13:54,163 INFO    MainThread:1291651 [wandb_init.py:init():803] backend started and connected
2025-05-16 01:13:54,166 INFO    MainThread:1291651 [wandb_init.py:init():896] updated telemetry
2025-05-16 01:13:54,167 INFO    MainThread:1291651 [wandb_init.py:init():920] communicating run to backend with 90.0 second timeout
2025-05-16 01:13:59,764 INFO    MainThread:1291651 [wandb_init.py:init():995] starting run threads in backend
2025-05-16 01:14:00,074 INFO    MainThread:1291651 [wandb_run.py:_console_start():2377] atexit reg
2025-05-16 01:14:00,075 INFO    MainThread:1291651 [wandb_run.py:_redirect():2227] redirect: wrap_raw
2025-05-16 01:14:00,076 INFO    MainThread:1291651 [wandb_run.py:_redirect():2292] Wrapping output streams.
2025-05-16 01:14:00,076 INFO    MainThread:1291651 [wandb_run.py:_redirect():2317] Redirects installed.
2025-05-16 01:14:00,078 INFO    MainThread:1291651 [wandb_init.py:init():1037] run started, returning control to user process
2025-05-16 01:14:05,866 INFO    MainThread:1291651 [wandb_watch.py:_watch():71] Watching
2025-05-16 01:14:05,879 INFO    MainThread:1291651 [wandb_watch.py:_watch():71] Watching
2025-05-16 01:14:05,883 INFO    MainThread:1291651 [wandb_watch.py:_watch():71] Watching
2025-05-16 01:15:45,988 WARNING MsgRouterThr:1291651 [router.py:message_loop():77] message_loop has been closed
Traceback (most recent call last):
  File "/home/cvpr_phd_1/.conda/envs/action_clip/lib/python3.8/site-packages/wandb/sdk/interface/router_sock.py", line 28, in _read_message
    resp = self._sock_client.read_server_response(timeout=1)
  File "/home/cvpr_phd_1/.conda/envs/action_clip/lib/python3.8/site-packages/wandb/sdk/lib/sock_client.py", line 285, in read_server_response
    data = self._read_packet_bytes(timeout=timeout)
  File "/home/cvpr_phd_1/.conda/envs/action_clip/lib/python3.8/site-packages/wandb/sdk/lib/sock_client.py", line 270, in _read_packet_bytes
    raise SockClientClosedError
wandb.sdk.lib.sock_client.SockClientClosedError

The above exception was the direct cause of the following exception:

Traceback (most recent call last):
  File "/home/cvpr_phd_1/.conda/envs/action_clip/lib/python3.8/site-packages/wandb/sdk/interface/router.py", line 70, in message_loop
    msg = self._read_message()
  File "/home/cvpr_phd_1/.conda/envs/action_clip/lib/python3.8/site-packages/wandb/sdk/interface/router_sock.py", line 30, in _read_message
    raise MessageRouterClosedError from e
wandb.sdk.interface.router.MessageRouterClosedError
2025-05-16 01:15:45,989 INFO    MsgRouterThr:1291651 [mailbox.py:close():115] Closing mailbox, abandoning 1 handles.
