2025-05-16 02:01:56,992 INFO    MainThread:1602978 [wandb_setup.py:_flush():67] Current SDK version is 0.19.7
2025-05-16 02:01:56,992 INFO    MainThread:1602978 [wandb_setup.py:_flush():67] Configure stats pid to 1602978
2025-05-16 02:01:56,993 INFO    MainThread:1602978 [wandb_setup.py:_flush():67] Loading settings from /home/cvpr_phd_1/.config/wandb/settings
2025-05-16 02:01:56,993 INFO    MainThread:1602978 [wandb_setup.py:_flush():67] Loading settings from /home/cvpr_phd_1/1_a_Neurip_dataset_submission/1_model_code/wandb/settings
2025-05-16 02:01:56,993 INFO    MainThread:1602978 [wandb_setup.py:_flush():67] Loading settings from environment variables
2025-05-16 02:01:56,993 INFO    MainThread:1602978 [wandb_init.py:setup_run_log_directory():647] Logging user logs to /home/cvpr_phd_1/1_a_Neurip_dataset_submission/1_model_code/wandb/run-20250516_020156-xy0kzx9o/logs/debug.log
2025-05-16 02:01:56,993 INFO    MainThread:1602978 [wandb_init.py:setup_run_log_directory():648] Logging internal logs to /home/cvpr_phd_1/1_a_Neurip_dataset_submission/1_model_code/wandb/run-20250516_020156-xy0kzx9o/logs/debug-internal.log
2025-05-16 02:01:56,993 INFO    MainThread:1602978 [wandb_init.py:init():761] calling init triggers
2025-05-16 02:01:56,993 INFO    MainThread:1602978 [wandb_init.py:init():766] wandb.init called with sweep_config: {}
config: {'_wandb': {}}
2025-05-16 02:01:56,993 INFO    MainThread:1602978 [wandb_init.py:init():784] starting backend
2025-05-16 02:01:56,993 INFO    MainThread:1602978 [wandb_init.py:init():788] sending inform_init request
2025-05-16 02:01:57,034 INFO    MainThread:1602978 [backend.py:_multiprocessing_setup():97] multiprocessing start_methods=fork,spawn,forkserver, using: spawn
2025-05-16 02:01:57,036 INFO    MainThread:1602978 [wandb_init.py:init():803] backend started and connected
2025-05-16 02:01:57,039 INFO    MainThread:1602978 [wandb_init.py:init():896] updated telemetry
2025-05-16 02:01:57,040 INFO    MainThread:1602978 [wandb_init.py:init():920] communicating run to backend with 90.0 second timeout
2025-05-16 02:02:02,539 INFO    MainThread:1602978 [wandb_init.py:init():995] starting run threads in backend
2025-05-16 02:02:02,856 INFO    MainThread:1602978 [wandb_run.py:_console_start():2377] atexit reg
2025-05-16 02:02:02,857 INFO    MainThread:1602978 [wandb_run.py:_redirect():2227] redirect: wrap_raw
2025-05-16 02:02:02,857 INFO    MainThread:1602978 [wandb_run.py:_redirect():2292] Wrapping output streams.
2025-05-16 02:02:02,858 INFO    MainThread:1602978 [wandb_run.py:_redirect():2317] Redirects installed.
2025-05-16 02:02:02,861 INFO    MainThread:1602978 [wandb_init.py:init():1037] run started, returning control to user process
2025-05-16 02:02:09,002 INFO    MainThread:1602978 [wandb_watch.py:_watch():71] Watching
2025-05-16 02:02:09,010 INFO    MainThread:1602978 [wandb_watch.py:_watch():71] Watching
2025-05-16 02:02:09,014 INFO    MainThread:1602978 [wandb_watch.py:_watch():71] Watching
2025-05-16 02:04:07,802 WARNING MsgRouterThr:1602978 [router.py:message_loop():77] message_loop has been closed
Traceback (most recent call last):
  File "/home/cvpr_phd_1/.conda/envs/action_clip/lib/python3.8/site-packages/wandb/sdk/interface/router_sock.py", line 28, in _read_message
    resp = self._sock_client.read_server_response(timeout=1)
  File "/home/cvpr_phd_1/.conda/envs/action_clip/lib/python3.8/site-packages/wandb/sdk/lib/sock_client.py", line 285, in read_server_response
    data = self._read_packet_bytes(timeout=timeout)
  File "/home/cvpr_phd_1/.conda/envs/action_clip/lib/python3.8/site-packages/wandb/sdk/lib/sock_client.py", line 270, in _read_packet_bytes
    raise SockClientClosedError
wandb.sdk.lib.sock_client.SockClientClosedError

The above exception was the direct cause of the following exception:

Traceback (most recent call last):
  File "/home/cvpr_phd_1/.conda/envs/action_clip/lib/python3.8/site-packages/wandb/sdk/interface/router.py", line 70, in message_loop
    msg = self._read_message()
  File "/home/cvpr_phd_1/.conda/envs/action_clip/lib/python3.8/site-packages/wandb/sdk/interface/router_sock.py", line 30, in _read_message
    raise MessageRouterClosedError from e
wandb.sdk.interface.router.MessageRouterClosedError
2025-05-16 02:04:07,803 INFO    MsgRouterThr:1602978 [mailbox.py:close():115] Closing mailbox, abandoning 1 handles.
